<?xml version="1.0" encoding="UTF-8"?>
<!-- Generated by org.testng.reporters.JUnitReportReporter -->
<testsuite skipped="2" hostname="DAL-5CON144-9W7" name="profilingTest.profilingAutomationTesting" tests="3" failures="0" timestamp="13 Mar 2018 11:55:38 GMT" time="19.968" errors="0">
  <testcase name="loginToPHR" time="19.968" classname="profilingTest.profilingAutomationTesting"/>
  <testcase name="phrPatientSummaryTest" classname="profilingTest.profilingAutomationTesting">
    <skipped/>
  </testcase> <!-- phrPatientSummaryTest -->
  <testcase name="phrValidationPage" classname="profilingTest.profilingAutomationTesting">
    <skipped/>
  </testcase> <!-- phrValidationPage -->
</testsuite> <!-- profilingTest.profilingAutomationTesting -->
